[debug] [2021-07-11T10:08:54.498Z] ----------------------------------------------------------------------
[debug] [2021-07-11T10:08:54.500Z] Command:       C:\Program Files\nodejs\node.exe C:\Users\Salman Khan\AppData\Roaming\npm\node_modules\firebase-tools\lib\bin\firebase.js init
[debug] [2021-07-11T10:08:54.501Z] CLI Version:   9.16.0
[debug] [2021-07-11T10:08:54.501Z] Platform:      win32
[debug] [2021-07-11T10:08:54.501Z] Node Version:  v14.17.3
[debug] [2021-07-11T10:08:54.502Z] Time:          Sun Jul 11 2021 15:38:54 GMT+0530 (India Standard Time)
[debug] [2021-07-11T10:08:54.502Z] ----------------------------------------------------------------------
[debug] 
[debug] [2021-07-11T10:08:54.511Z] > command requires scopes: ["email","openid","https://www.googleapis.com/auth/cloudplatformprojects.readonly","https://www.googleapis.com/auth/firebase","https://www.googleapis.com/auth/cloud-platform"]
[debug] [2021-07-11T10:08:54.511Z] > authorizing via signed-in user (psk23910@gmail.com)
[info] 
     ######## #### ########  ######## ########     ###     ######  ########
     ##        ##  ##     ## ##       ##     ##  ##   ##  ##       ##
     ######    ##  ########  ######   ########  #########  ######  ######
     ##        ##  ##    ##  ##       ##     ## ##     ##       ## ##
     ##       #### ##     ## ######## ########  ##     ##  ######  ########

You're about to initialize a Firebase project in this directory:

  D:\Programming\Coding\Bootsrsap

[info] 
=== Project Setup
[info] 
[info] First, let's associate this project directory with a Firebase project.
[info] You can create multiple project aliases by running firebase use --add, 
[info] but for now we'll just set up a default project.
[info] 
[debug] [2021-07-11T10:09:32.457Z] >>> [apiv2][query] GET https://firebase.googleapis.com/v1beta1/projects pageSize=100
[debug] [2021-07-11T10:09:33.497Z] <<< [apiv2][status] GET https://firebase.googleapis.com/v1beta1/projects 200
[debug] [2021-07-11T10:09:33.497Z] <<< [apiv2][body] GET https://firebase.googleapis.com/v1beta1/projects [omitted]
[info] i  Using project thetechyeraweb (thetechyeraweb) 
[info] 
=== Hosting Setup
[info] 
[info] Your public directory is the folder (relative to your project directory) that
[info] will contain Hosting assets to be uploaded with firebase deploy. If you
[info] have a build process for your assets, use your build's output directory.
[info] 
